[0.000000] (-) TimerEvent: {}
[0.001636] (-) JobUnselected: {'identifier': 'arm_control'}
[0.002090] (-) JobUnselected: {'identifier': 'arm_firmware'}
[0.002508] (-) JobUnselected: {'identifier': 'aruco_detector'}
[0.002626] (-) JobUnselected: {'identifier': 'cache_manager'}
[0.002840] (-) JobUnselected: {'identifier': 'detection_pose_estimator'}
[0.002935] (-) JobUnselected: {'identifier': 'drive_control'}
[0.002978] (-) JobUnselected: {'identifier': 'gnss_launch'}
[0.003059] (-) JobUnselected: {'identifier': 'loc_fusion'}
[0.003102] (-) JobUnselected: {'identifier': 'micro_ros_agent'}
[0.003140] (-) JobUnselected: {'identifier': 'micro_ros_msgs'}
[0.003201] (-) JobUnselected: {'identifier': 'micro_ros_setup'}
[0.003723] (-) JobUnselected: {'identifier': 'mission_bt'}
[0.003800] (-) JobUnselected: {'identifier': 'moveit_config_rover'}
[0.003927] (-) JobUnselected: {'identifier': 'nav2_launch'}
[0.003996] (-) JobUnselected: {'identifier': 'nav_supervisor'}
[0.004036] (-) JobUnselected: {'identifier': 'object_detection'}
[0.004078] (-) JobUnselected: {'identifier': 'pointcloud_tools'}
[0.004114] (-) JobUnselected: {'identifier': 'rover_boot'}
[0.004174] (-) JobUnselected: {'identifier': 'rover_control'}
[0.004224] (-) JobUnselected: {'identifier': 'rover_description'}
[0.004549] (-) JobUnselected: {'identifier': 'science_analysis'}
[0.004638] (-) JobUnselected: {'identifier': 'slam_launch'}
[0.004782] (-) JobUnselected: {'identifier': 'urc_interfaces'}
[0.004862] (-) JobUnselected: {'identifier': 'urc_msgs'}
[0.004909] (-) JobUnselected: {'identifier': 'zed2i_launch'}
[0.004958] (-) JobUnselected: {'identifier': 'zed_components'}
[0.005023] (-) JobUnselected: {'identifier': 'zed_gps_integration'}
[0.005071] (-) JobUnselected: {'identifier': 'zed_ros2'}
[0.005494] (-) JobUnselected: {'identifier': 'zed_wrapper'}
[0.005652] (drive_firmware) JobQueued: {'identifier': 'drive_firmware', 'dependencies': OrderedDict()}
[0.005773] (drive_firmware) JobStarted: {'identifier': 'drive_firmware'}
[0.033482] (drive_firmware) JobProgress: {'identifier': 'drive_firmware', 'progress': 'cmake'}
[0.035191] (drive_firmware) Command: {'cmd': ['/usr/bin/cmake', '/home/rover/workspaces/rover/src/drive_firmware', '-DCMAKE_INSTALL_PREFIX=/home/rover/workspaces/rover/src/install/drive_firmware'], 'cwd': '/home/rover/workspaces/rover/src/build/drive_firmware', 'env': OrderedDict([('LESSOPEN', '| /usr/bin/lesspipe %s'), ('USER', 'rover'), ('SSH_CLIENT', '10.242.253.207 57835 22'), ('XDG_SESSION_TYPE', 'tty'), ('GIT_ASKPASS', '/home/rover/.cursor-server/bin/5c17eb2968a37f66bc6662f48d6356a100b67be0/extensions/git/dist/askpass.sh'), ('SHLVL', '1'), ('LD_LIBRARY_PATH', '/usr/local/cuda/lib64:/usr/local:/usr/local/cuda/lib64:/usr/local:/home/rover/workspaces/urc_prod/custom_msgs/install/interfaces/lib:/home/rover/workspaces/micro_ros/install/micro_ros_agent/lib:/home/rover/workspaces/micro_ros/install/micro_ros_msgs/lib:/opt/ros/humble/opt/rviz_ogre_vendor/lib:/opt/ros/humble/lib/aarch64-linux-gnu:/opt/ros/humble/lib'), ('BROWSER', '/home/rover/.cursor-server/bin/5c17eb2968a37f66bc6662f48d6356a100b67be0/bin/helpers/browser.sh'), ('MOTD_SHOWN', 'pam'), ('HOME', '/home/rover'), ('CYCLONEDDS_URI', 'file:///home/rover/cyclonedds.xml'), ('OLDPWD', '/home/rover/workspaces/rover'), ('TERM_PROGRAM_VERSION', '1.7.54'), ('VSCODE_IPC_HOOK_CLI', '/run/user/1000/vscode-ipc-4b964cf4-0994-4e22-8767-d866bb8424a9.sock'), ('ROS_PYTHON_VERSION', '3'), ('VSCODE_GIT_ASKPASS_MAIN', '/home/rover/.cursor-server/bin/5c17eb2968a37f66bc6662f48d6356a100b67be0/extensions/git/dist/askpass-main.js'), ('VSCODE_GIT_ASKPASS_NODE', '/home/rover/.cursor-server/bin/5c17eb2968a37f66bc6662f48d6356a100b67be0/node'), ('PYDEVD_DISABLE_FILE_VALIDATION', '1'), ('BUNDLED_DEBUGPY_PATH', '/home/rover/.cursor-server/extensions/ms-python.debugpy-2025.14.1-linux-arm64/bundled/libs/debugpy'), ('GOROOT', '/usr/local/go'), ('DBUS_SESSION_BUS_ADDRESS', 'unix:path=/run/user/1000/bus'), ('COLORTERM', 'truecolor'), ('COLCON_PREFIX_PATH', '/home/rover/workspaces/urc_prod/custom_msgs/install:/home/rover/workspaces/micro_ros/install'), ('ROS_DISTRO', 'humble'), ('LOGNAME', 'rover'), ('_', '/usr/bin/colcon'), ('ROS_VERSION', '2'), ('XDG_SESSION_CLASS', 'user'), ('TERM', 'xterm-256color'), ('XDG_SESSION_ID', '1'), ('ISAAC_ROS_WS', '/home/rover/workspaces/isaac_ros-dev/'), ('ROS_LOCALHOST_ONLY', '0'), ('PATH', '/usr/local/cuda/bin:/home/rover/.cursor-server/bin/5c17eb2968a37f66bc6662f48d6356a100b67be0/bin/remote-cli:/home/rover/.local/bin:/usr/local/cuda/bin:/opt/ros/humble/bin:/home/rover/.cursor-server/bin/5c17eb2968a37f66bc6662f48d6356a100b67be0/bin/remote-cli:/home/rover/.local/bin:/usr/local/sbin:/usr/local/bin:/usr/sbin:/usr/bin:/sbin:/bin:/usr/games:/usr/local/games:/snap/bin:/opt/arduino/bin:/usr/local/go/bin:/usr/local/go/bin:/usr/local/go/bin:/usr/local/go/bin:/home/rover/.cursor-server/extensions/ms-python.debugpy-2025.14.1-linux-arm64/bundled/scripts/noConfigScripts:/opt/arduino/bin:/usr/local/go/bin:/usr/local/go/bin:/usr/local/go/bin:/usr/local/go/bin'), ('XDG_RUNTIME_DIR', '/run/user/1000'), ('VSCODE_DEBUGPY_ADAPTER_ENDPOINTS', '/home/rover/.cursor-server/extensions/ms-python.debugpy-2025.14.1-linux-arm64/.noConfigDebugAdapterEndpoints/endpoint-ad2b246e918d812f.txt'), ('LANG', 'en_US.UTF-8'), ('RMW_IMPLEMENTATION', 'rmw_cyclonedds_cpp'), ('LS_COLORS', 'rs=0:di=01;34:ln=01;36:mh=00:pi=40;33:so=01;35:do=01;35:bd=40;33;01:cd=40;33;01:or=40;31;01:mi=00:su=37;41:sg=30;43:ca=30;41:tw=30;42:ow=34;42:st=37;44:ex=01;32:*.tar=01;31:*.tgz=01;31:*.arc=01;31:*.arj=01;31:*.taz=01;31:*.lha=01;31:*.lz4=01;31:*.lzh=01;31:*.lzma=01;31:*.tlz=01;31:*.txz=01;31:*.tzo=01;31:*.t7z=01;31:*.zip=01;31:*.z=01;31:*.dz=01;31:*.gz=01;31:*.lrz=01;31:*.lz=01;31:*.lzo=01;31:*.xz=01;31:*.zst=01;31:*.tzst=01;31:*.bz2=01;31:*.bz=01;31:*.tbz=01;31:*.tbz2=01;31:*.tz=01;31:*.deb=01;31:*.rpm=01;31:*.jar=01;31:*.war=01;31:*.ear=01;31:*.sar=01;31:*.rar=01;31:*.alz=01;31:*.ace=01;31:*.zoo=01;31:*.cpio=01;31:*.7z=01;31:*.rz=01;31:*.cab=01;31:*.wim=01;31:*.swm=01;31:*.dwm=01;31:*.esd=01;31:*.jpg=01;35:*.jpeg=01;35:*.mjpg=01;35:*.mjpeg=01;35:*.gif=01;35:*.bmp=01;35:*.pbm=01;35:*.pgm=01;35:*.ppm=01;35:*.tga=01;35:*.xbm=01;35:*.xpm=01;35:*.tif=01;35:*.tiff=01;35:*.png=01;35:*.svg=01;35:*.svgz=01;35:*.mng=01;35:*.pcx=01;35:*.mov=01;35:*.mpg=01;35:*.mpeg=01;35:*.m2v=01;35:*.mkv=01;35:*.webm=01;35:*.webp=01;35:*.ogm=01;35:*.mp4=01;35:*.m4v=01;35:*.mp4v=01;35:*.vob=01;35:*.qt=01;35:*.nuv=01;35:*.wmv=01;35:*.asf=01;35:*.rm=01;35:*.rmvb=01;35:*.flc=01;35:*.avi=01;35:*.fli=01;35:*.flv=01;35:*.gl=01;35:*.dl=01;35:*.xcf=01;35:*.xwd=01;35:*.yuv=01;35:*.cgm=01;35:*.emf=01;35:*.ogv=01;35:*.ogx=01;35:*.aac=00;36:*.au=00;36:*.flac=00;36:*.m4a=00;36:*.mid=00;36:*.midi=00;36:*.mka=00;36:*.mp3=00;36:*.mpc=00;36:*.ogg=00;36:*.ra=00;36:*.wav=00;36:*.oga=00;36:*.opus=00;36:*.spx=00;36:*.xspf=00;36:'), ('VSCODE_GIT_IPC_HANDLE', '/run/user/1000/vscode-git-298be6e711.sock'), ('TERM_PROGRAM', 'vscode'), ('ROS_DOMAIN_ID', '0'), ('AMENT_PREFIX_PATH', '/home/rover/workspaces/urc_prod/custom_msgs/install/interfaces:/home/rover/workspaces/micro_ros/install/micro_ros_agent:/home/rover/workspaces/micro_ros/install/micro_ros_msgs:/opt/ros/humble'), ('SHELL', '/bin/bash'), ('GST_PLUGIN_PATH', '/usr/local/gstreamer-1.0:/usr/local/gstreamer-1.0:'), ('GOPATH', '/home/rover/go'), ('LESSCLOSE', '/usr/bin/lesspipe %s %s'), ('VSCODE_GIT_ASKPASS_EXTRA_ARGS', ''), ('PWD', '/home/rover/workspaces/rover/src/build/drive_firmware'), ('SSH_CONNECTION', '10.242.253.207 57835 10.242.187.175 22'), ('XDG_DATA_DIRS', '/usr/share/gnome:/usr/local/share:/usr/share:/var/lib/snapd/desktop'), ('PYTHONPATH', '/home/rover/workspaces/urc_prod/custom_msgs/install/interfaces/local/lib/python3.10/dist-packages:/home/rover/workspaces/micro_ros/install/micro_ros_msgs/local/lib/python3.10/dist-packages:/opt/ros/humble/lib/python3.10/site-packages:/opt/ros/humble/local/lib/python3.10/dist-packages'), ('COLCON', '1'), ('CMAKE_PREFIX_PATH', '/home/rover/workspaces/urc_prod/custom_msgs/install/interfaces:/home/rover/workspaces/micro_ros/install/micro_ros_agent:/home/rover/workspaces/micro_ros/install/micro_ros_msgs:/opt/ros/humble')]), 'shell': False}
[0.098604] (-) TimerEvent: {}
[0.188124] (drive_firmware) StdoutLine: {'line': b'-- The C compiler identification is GNU 11.4.0\n'}
[0.198802] (-) TimerEvent: {}
[0.300092] (-) TimerEvent: {}
[0.339513] (drive_firmware) StdoutLine: {'line': b'-- The CXX compiler identification is GNU 11.4.0\n'}
[0.372660] (drive_firmware) StdoutLine: {'line': b'-- Detecting C compiler ABI info\n'}
[0.400614] (-) TimerEvent: {}
[0.502358] (-) TimerEvent: {}
[0.566130] (drive_firmware) StdoutLine: {'line': b'-- Detecting C compiler ABI info - done\n'}
[0.594445] (drive_firmware) StdoutLine: {'line': b'-- Check for working C compiler: /usr/bin/cc - skipped\n'}
[0.596210] (drive_firmware) StdoutLine: {'line': b'-- Detecting C compile features\n'}
[0.598499] (drive_firmware) StdoutLine: {'line': b'-- Detecting C compile features - done\n'}
[0.602456] (-) TimerEvent: {}
[0.612466] (drive_firmware) StdoutLine: {'line': b'-- Detecting CXX compiler ABI info\n'}
[0.702768] (-) TimerEvent: {}
[0.803843] (-) TimerEvent: {}
[0.824346] (drive_firmware) StdoutLine: {'line': b'-- Detecting CXX compiler ABI info - done\n'}
[0.852264] (drive_firmware) StdoutLine: {'line': b'-- Check for working CXX compiler: /usr/bin/c++ - skipped\n'}
[0.853598] (drive_firmware) StdoutLine: {'line': b'-- Detecting CXX compile features\n'}
[0.855038] (drive_firmware) StdoutLine: {'line': b'-- Detecting CXX compile features - done\n'}
[0.867721] (drive_firmware) StdoutLine: {'line': b'-- Found ament_cmake: 1.3.12 (/opt/ros/humble/share/ament_cmake/cmake)\n'}
[0.903991] (-) TimerEvent: {}
[1.004887] (-) TimerEvent: {}
[1.105862] (-) TimerEvent: {}
[1.206763] (-) TimerEvent: {}
[1.261588] (drive_firmware) StdoutLine: {'line': b'-- Found Python3: /usr/bin/python3 (found version "3.10.12") found components: Interpreter \n'}
[1.306998] (-) TimerEvent: {}
[1.407998] (-) TimerEvent: {}
[1.509489] (-) TimerEvent: {}
[1.611547] (-) TimerEvent: {}
[1.712556] (-) TimerEvent: {}
[1.795321] (drive_firmware) StdoutLine: {'line': b'-- Configuring done\n'}
[1.812660] (-) TimerEvent: {}
[1.882556] (drive_firmware) StdoutLine: {'line': b'-- Generating done\n'}
[1.892249] (drive_firmware) StdoutLine: {'line': b'-- Build files have been written to: /home/rover/workspaces/rover/src/build/drive_firmware\n'}
[1.907176] (drive_firmware) CommandEnded: {'returncode': 0}
[1.909294] (drive_firmware) JobProgress: {'identifier': 'drive_firmware', 'progress': 'build'}
[1.911645] (drive_firmware) Command: {'cmd': ['/usr/bin/cmake', '--build', '/home/rover/workspaces/rover/src/build/drive_firmware', '--', '-j6', '-l6'], 'cwd': '/home/rover/workspaces/rover/src/build/drive_firmware', 'env': OrderedDict([('LESSOPEN', '| /usr/bin/lesspipe %s'), ('USER', 'rover'), ('SSH_CLIENT', '10.242.253.207 57835 22'), ('XDG_SESSION_TYPE', 'tty'), ('GIT_ASKPASS', '/home/rover/.cursor-server/bin/5c17eb2968a37f66bc6662f48d6356a100b67be0/extensions/git/dist/askpass.sh'), ('SHLVL', '1'), ('LD_LIBRARY_PATH', '/usr/local/cuda/lib64:/usr/local:/usr/local/cuda/lib64:/usr/local:/home/rover/workspaces/urc_prod/custom_msgs/install/interfaces/lib:/home/rover/workspaces/micro_ros/install/micro_ros_agent/lib:/home/rover/workspaces/micro_ros/install/micro_ros_msgs/lib:/opt/ros/humble/opt/rviz_ogre_vendor/lib:/opt/ros/humble/lib/aarch64-linux-gnu:/opt/ros/humble/lib'), ('BROWSER', '/home/rover/.cursor-server/bin/5c17eb2968a37f66bc6662f48d6356a100b67be0/bin/helpers/browser.sh'), ('MOTD_SHOWN', 'pam'), ('HOME', '/home/rover'), ('CYCLONEDDS_URI', 'file:///home/rover/cyclonedds.xml'), ('OLDPWD', '/home/rover/workspaces/rover'), ('TERM_PROGRAM_VERSION', '1.7.54'), ('VSCODE_IPC_HOOK_CLI', '/run/user/1000/vscode-ipc-4b964cf4-0994-4e22-8767-d866bb8424a9.sock'), ('ROS_PYTHON_VERSION', '3'), ('VSCODE_GIT_ASKPASS_MAIN', '/home/rover/.cursor-server/bin/5c17eb2968a37f66bc6662f48d6356a100b67be0/extensions/git/dist/askpass-main.js'), ('VSCODE_GIT_ASKPASS_NODE', '/home/rover/.cursor-server/bin/5c17eb2968a37f66bc6662f48d6356a100b67be0/node'), ('PYDEVD_DISABLE_FILE_VALIDATION', '1'), ('BUNDLED_DEBUGPY_PATH', '/home/rover/.cursor-server/extensions/ms-python.debugpy-2025.14.1-linux-arm64/bundled/libs/debugpy'), ('GOROOT', '/usr/local/go'), ('DBUS_SESSION_BUS_ADDRESS', 'unix:path=/run/user/1000/bus'), ('COLORTERM', 'truecolor'), ('COLCON_PREFIX_PATH', '/home/rover/workspaces/urc_prod/custom_msgs/install:/home/rover/workspaces/micro_ros/install'), ('ROS_DISTRO', 'humble'), ('LOGNAME', 'rover'), ('_', '/usr/bin/colcon'), ('ROS_VERSION', '2'), ('XDG_SESSION_CLASS', 'user'), ('TERM', 'xterm-256color'), ('XDG_SESSION_ID', '1'), ('ISAAC_ROS_WS', '/home/rover/workspaces/isaac_ros-dev/'), ('ROS_LOCALHOST_ONLY', '0'), ('PATH', '/usr/local/cuda/bin:/home/rover/.cursor-server/bin/5c17eb2968a37f66bc6662f48d6356a100b67be0/bin/remote-cli:/home/rover/.local/bin:/usr/local/cuda/bin:/opt/ros/humble/bin:/home/rover/.cursor-server/bin/5c17eb2968a37f66bc6662f48d6356a100b67be0/bin/remote-cli:/home/rover/.local/bin:/usr/local/sbin:/usr/local/bin:/usr/sbin:/usr/bin:/sbin:/bin:/usr/games:/usr/local/games:/snap/bin:/opt/arduino/bin:/usr/local/go/bin:/usr/local/go/bin:/usr/local/go/bin:/usr/local/go/bin:/home/rover/.cursor-server/extensions/ms-python.debugpy-2025.14.1-linux-arm64/bundled/scripts/noConfigScripts:/opt/arduino/bin:/usr/local/go/bin:/usr/local/go/bin:/usr/local/go/bin:/usr/local/go/bin'), ('XDG_RUNTIME_DIR', '/run/user/1000'), ('VSCODE_DEBUGPY_ADAPTER_ENDPOINTS', '/home/rover/.cursor-server/extensions/ms-python.debugpy-2025.14.1-linux-arm64/.noConfigDebugAdapterEndpoints/endpoint-ad2b246e918d812f.txt'), ('LANG', 'en_US.UTF-8'), ('RMW_IMPLEMENTATION', 'rmw_cyclonedds_cpp'), ('LS_COLORS', 'rs=0:di=01;34:ln=01;36:mh=00:pi=40;33:so=01;35:do=01;35:bd=40;33;01:cd=40;33;01:or=40;31;01:mi=00:su=37;41:sg=30;43:ca=30;41:tw=30;42:ow=34;42:st=37;44:ex=01;32:*.tar=01;31:*.tgz=01;31:*.arc=01;31:*.arj=01;31:*.taz=01;31:*.lha=01;31:*.lz4=01;31:*.lzh=01;31:*.lzma=01;31:*.tlz=01;31:*.txz=01;31:*.tzo=01;31:*.t7z=01;31:*.zip=01;31:*.z=01;31:*.dz=01;31:*.gz=01;31:*.lrz=01;31:*.lz=01;31:*.lzo=01;31:*.xz=01;31:*.zst=01;31:*.tzst=01;31:*.bz2=01;31:*.bz=01;31:*.tbz=01;31:*.tbz2=01;31:*.tz=01;31:*.deb=01;31:*.rpm=01;31:*.jar=01;31:*.war=01;31:*.ear=01;31:*.sar=01;31:*.rar=01;31:*.alz=01;31:*.ace=01;31:*.zoo=01;31:*.cpio=01;31:*.7z=01;31:*.rz=01;31:*.cab=01;31:*.wim=01;31:*.swm=01;31:*.dwm=01;31:*.esd=01;31:*.jpg=01;35:*.jpeg=01;35:*.mjpg=01;35:*.mjpeg=01;35:*.gif=01;35:*.bmp=01;35:*.pbm=01;35:*.pgm=01;35:*.ppm=01;35:*.tga=01;35:*.xbm=01;35:*.xpm=01;35:*.tif=01;35:*.tiff=01;35:*.png=01;35:*.svg=01;35:*.svgz=01;35:*.mng=01;35:*.pcx=01;35:*.mov=01;35:*.mpg=01;35:*.mpeg=01;35:*.m2v=01;35:*.mkv=01;35:*.webm=01;35:*.webp=01;35:*.ogm=01;35:*.mp4=01;35:*.m4v=01;35:*.mp4v=01;35:*.vob=01;35:*.qt=01;35:*.nuv=01;35:*.wmv=01;35:*.asf=01;35:*.rm=01;35:*.rmvb=01;35:*.flc=01;35:*.avi=01;35:*.fli=01;35:*.flv=01;35:*.gl=01;35:*.dl=01;35:*.xcf=01;35:*.xwd=01;35:*.yuv=01;35:*.cgm=01;35:*.emf=01;35:*.ogv=01;35:*.ogx=01;35:*.aac=00;36:*.au=00;36:*.flac=00;36:*.m4a=00;36:*.mid=00;36:*.midi=00;36:*.mka=00;36:*.mp3=00;36:*.mpc=00;36:*.ogg=00;36:*.ra=00;36:*.wav=00;36:*.oga=00;36:*.opus=00;36:*.spx=00;36:*.xspf=00;36:'), ('VSCODE_GIT_IPC_HANDLE', '/run/user/1000/vscode-git-298be6e711.sock'), ('TERM_PROGRAM', 'vscode'), ('ROS_DOMAIN_ID', '0'), ('AMENT_PREFIX_PATH', '/home/rover/workspaces/urc_prod/custom_msgs/install/interfaces:/home/rover/workspaces/micro_ros/install/micro_ros_agent:/home/rover/workspaces/micro_ros/install/micro_ros_msgs:/opt/ros/humble'), ('SHELL', '/bin/bash'), ('GST_PLUGIN_PATH', '/usr/local/gstreamer-1.0:/usr/local/gstreamer-1.0:'), ('GOPATH', '/home/rover/go'), ('LESSCLOSE', '/usr/bin/lesspipe %s %s'), ('VSCODE_GIT_ASKPASS_EXTRA_ARGS', ''), ('PWD', '/home/rover/workspaces/rover/src/build/drive_firmware'), ('SSH_CONNECTION', '10.242.253.207 57835 10.242.187.175 22'), ('XDG_DATA_DIRS', '/usr/share/gnome:/usr/local/share:/usr/share:/var/lib/snapd/desktop'), ('PYTHONPATH', '/home/rover/workspaces/urc_prod/custom_msgs/install/interfaces/local/lib/python3.10/dist-packages:/home/rover/workspaces/micro_ros/install/micro_ros_msgs/local/lib/python3.10/dist-packages:/opt/ros/humble/lib/python3.10/site-packages:/opt/ros/humble/local/lib/python3.10/dist-packages'), ('COLCON', '1'), ('CMAKE_PREFIX_PATH', '/home/rover/workspaces/urc_prod/custom_msgs/install/interfaces:/home/rover/workspaces/micro_ros/install/micro_ros_agent:/home/rover/workspaces/micro_ros/install/micro_ros_msgs:/opt/ros/humble')]), 'shell': False}
[1.916044] (-) TimerEvent: {}
[2.018388] (-) TimerEvent: {}
[2.106325] (drive_firmware) StdoutLine: {'line': b'[  2%] \x1b[32mBuilding CXX object CMakeFiles/drive_firmware.elf.dir/home/rover/.arduino15/packages/teensy/hardware/avr/1.57.3/cores/teensy4/CrashReport.cpp.o\x1b[0m\n'}
[2.107112] (drive_firmware) StdoutLine: {'line': b'[  2%] \x1b[32mBuilding CXX object CMakeFiles/drive_firmware.elf.dir/src/Main.cpp.o\x1b[0m\n'}
[2.107466] (drive_firmware) StdoutLine: {'line': b'[  2%] \x1b[32mBuilding CXX object CMakeFiles/drive_firmware.elf.dir/src/MicroROS.cpp.o\x1b[0m\n'}
[2.107824] (drive_firmware) StdoutLine: {'line': b'[  2%] \x1b[32mBuilding CXX object CMakeFiles/drive_firmware.elf.dir/home/rover/.arduino15/packages/teensy/hardware/avr/1.57.3/cores/teensy4/DMAChannel.cpp.o\x1b[0m\n'}
[2.108031] (drive_firmware) StdoutLine: {'line': b'[  2%] \x1b[32mBuilding CXX object CMakeFiles/drive_firmware.elf.dir/home/rover/.arduino15/packages/teensy/hardware/avr/1.57.3/cores/teensy4/AudioStream.cpp.o\x1b[0m\n'}
[2.118560] (drive_firmware) StdoutLine: {'line': b'[  2%] \x1b[32mBuilding CXX object CMakeFiles/drive_firmware.elf.dir/home/rover/.arduino15/packages/teensy/hardware/avr/1.57.3/cores/teensy4/EventResponder.cpp.o\x1b[0m\n'}
[2.119300] (-) TimerEvent: {}
[2.220510] (-) TimerEvent: {}
[2.322992] (-) TimerEvent: {}
[2.425447] (-) TimerEvent: {}
[2.527552] (-) TimerEvent: {}
[2.628675] (-) TimerEvent: {}
[2.667928] (drive_firmware) StdoutLine: {'line': b'[  2%] \x1b[32mBuilding CXX object CMakeFiles/drive_firmware.elf.dir/home/rover/.arduino15/packages/teensy/hardware/avr/1.57.3/cores/teensy4/HardwareSerial.cpp.o\x1b[0m\n'}
[2.713917] (drive_firmware) StderrLine: {'line': b'\x1b[01m\x1b[K/home/rover/workspaces/rover/src/drive_firmware/src/Main.cpp:4:22:\x1b[m\x1b[K \x1b[01;31m\x1b[Kfatal error: \x1b[m\x1b[KVescUart.h: No such file or directory\n'}
[2.714707] (drive_firmware) StderrLine: {'line': b'compilation terminated.\n'}
[2.722625] (drive_firmware) StderrLine: {'line': b'gmake[2]: *** [CMakeFiles/drive_firmware.elf.dir/build.make:76: CMakeFiles/drive_firmware.elf.dir/src/Main.cpp.o] Error 1\n'}
[2.723498] (drive_firmware) StderrLine: {'line': b'gmake[2]: *** Waiting for unfinished jobs....\n'}
[2.728806] (-) TimerEvent: {}
[2.830962] (-) TimerEvent: {}
[2.933205] (-) TimerEvent: {}
[3.034323] (-) TimerEvent: {}
[3.135420] (-) TimerEvent: {}
[3.236904] (-) TimerEvent: {}
[3.270301] (drive_firmware) StderrLine: {'line': b'gmake[1]: *** [CMakeFiles/Makefile2:137: CMakeFiles/drive_firmware.elf.dir/all] Error 2\n'}
[3.271059] (drive_firmware) StderrLine: {'line': b'gmake: *** [Makefile:146: all] Error 2\n'}
[3.277903] (drive_firmware) CommandEnded: {'returncode': 2}
[3.306869] (drive_firmware) JobEnded: {'identifier': 'drive_firmware', 'rc': 2}
[3.318618] (-) EventReactorShutdown: {}
