[0.147s] Invoking command in '/home/rover/workspaces/rover-real/src/build/zed_components': CMAKE_PREFIX_PATH=/opt/ros/humble:${CMAKE_PREFIX_PATH} /usr/bin/cmake /home/rover/workspaces/rover-real/src/zed_components -DCMAKE_INSTALL_PREFIX=/home/rover/workspaces/rover-real/src/install/zed_components
[1.701s] -- The C compiler identification is GNU 11.4.0
[1.980s] -- The CXX compiler identification is GNU 11.4.0
[2.021s] -- Detecting C compiler ABI info
[2.429s] -- Detecting C compiler ABI info - done
[2.457s] -- Check for working C compiler: /usr/bin/cc - skipped
[2.465s] -- Detecting C compile features
[2.465s] -- Detecting C compile features - done
[2.471s] -- Detecting CXX compiler ABI info
[2.945s] -- Detecting CXX compiler ABI info - done
[3.006s] -- Check for working CXX compiler: /usr/bin/c++ - skipped
[3.007s] -- Detecting CXX compile features
[3.007s] -- Detecting CXX compile features - done
[3.083s] -- Looking for sgemm_
[3.575s] -- Looking for sgemm_ - not found
[3.588s] -- Looking for pthread.h
[4.230s] -- Looking for pthread.h - found
[4.232s] -- Performing Test CMAKE_HAVE_LIBC_PTHREAD
[4.782s] -- Performing Test CMAKE_HAVE_LIBC_PTHREAD - Success
[4.783s] -- Found Threads: TRUE  
[4.975s] -- Looking for sgemm_
[5.979s] -- Looking for sgemm_ - found
[5.980s] -- Found BLAS: /usr/lib/aarch64-linux-gnu/libopenblas.so  
[6.370s] -- Found CUDA: /usr/local/cuda (found suitable version "12.6", minimum required is "12.6") 
[6.572s] -- Found CUDA: /usr/local/cuda (found version "12.6") 
[6.585s] -- Found ament_cmake_auto: 1.3.12 (/opt/ros/humble/share/ament_cmake_auto/cmake)
[7.316s] -- Found Python3: /usr/bin/python3 (found version "3.10.12") found components: Interpreter 
[8.100s] -- Found rosidl_generator_c: 3.1.7 (/opt/ros/humble/share/rosidl_generator_c/cmake)
[8.113s] -- Found rosidl_adapter: 3.1.7 (/opt/ros/humble/share/rosidl_adapter/cmake)
[8.137s] -- Found rosidl_generator_cpp: 3.1.7 (/opt/ros/humble/share/rosidl_generator_cpp/cmake)
[8.178s] -- Using all available rosidl_typesupport_c: rosidl_typesupport_fastrtps_c;rosidl_typesupport_introspection_c
[8.231s] -- Using all available rosidl_typesupport_cpp: rosidl_typesupport_fastrtps_cpp;rosidl_typesupport_introspection_cpp
[8.675s] -- Found rmw_implementation_cmake: 6.1.2 (/opt/ros/humble/share/rmw_implementation_cmake/cmake)
[8.681s] -- Found rmw_cyclonedds_cpp: 1.3.4 (/opt/ros/humble/share/rmw_cyclonedds_cpp/cmake)
[8.732s] -- Using RMW implementation 'rmw_cyclonedds_cpp' as default
[10.104s] -- Found eigen3_cmake_module: 0.1.1 (/opt/ros/humble/share/eigen3_cmake_module/cmake)
[10.110s] -- Found Eigen3: TRUE (found version "3.4.0") 
[10.111s] -- Ensuring Eigen3 include directory is part of orocos-kdl CMake target
[11.079s] [0m * 'isaac_ros_common' not found, ISAAC ROS NITROS transport will not be available.[0m
[11.085s] -- Found ament_lint_auto: 0.12.14 (/opt/ros/humble/share/ament_lint_auto/cmake)
[11.194s] -- Added test 'copyright' to check source files copyright and LICENSE
[11.198s] -- Added test 'cppcheck' to perform static code analysis on C / C++ code
[11.199s] -- Configured cppcheck include dirs: /home/rover/workspaces/rover-real/src/zed_components/src/include;/home/rover/workspaces/rover-real/src/zed_components/src/zed_camera/include;/home/rover/workspaces/rover-real/src/zed_components/src/tools/include
[11.200s] -- Configured cppcheck exclude dirs and/or files: 
[11.202s] -- Added test 'lint_cmake' to check CMake code style
[11.208s] -- Added test 'uncrustify' to check C / C++ code style
[11.209s] -- Configured uncrustify additional arguments: 
[11.211s] -- Added test 'xmllint' to check XML markup files
[11.222s] -- Configuring done
[11.537s] -- Generating done
[11.588s] -- Build files have been written to: /home/rover/workspaces/rover-real/src/build/zed_components
[11.863s] Invoked command in '/home/rover/workspaces/rover-real/src/build/zed_components' returned '0': CMAKE_PREFIX_PATH=/opt/ros/humble:${CMAKE_PREFIX_PATH} /usr/bin/cmake /home/rover/workspaces/rover-real/src/zed_components -DCMAKE_INSTALL_PREFIX=/home/rover/workspaces/rover-real/src/install/zed_components
[11.864s] Invoking command in '/home/rover/workspaces/rover-real/src/build/zed_components': CMAKE_PREFIX_PATH=/opt/ros/humble:${CMAKE_PREFIX_PATH} /usr/bin/cmake --build /home/rover/workspaces/rover-real/src/build/zed_components -- -j6 -l6
[12.468s] [  6%] [32mBuilding CXX object CMakeFiles/zed_camera_component.dir/src/tools/src/sl_win_avg.cpp.o[0m
[12.531s] [ 13%] [32mBuilding CXX object CMakeFiles/zed_camera_component.dir/src/tools/src/sl_tools.cpp.o[0m
[12.634s] [ 20%] [32mBuilding CXX object CMakeFiles/zed_camera_one_component.dir/src/tools/src/sl_tools.cpp.o[0m
[13.657s] [ 26%] [32mBuilding CXX object CMakeFiles/zed_camera_component.dir/src/zed_camera/src/zed_camera_component_main.cpp.o[0m
[35.448s] gmake[2]: *** [CMakeFiles/zed_camera_component.dir/build.make:76: CMakeFiles/zed_camera_component.dir/src/tools/src/sl_tools.cpp.o] Interrupt
[35.448s] gmake[2]: *** [CMakeFiles/zed_camera_component.dir/build.make:132: CMakeFiles/zed_camera_component.dir/src/zed_camera/src/zed_camera_component_main.cpp.o] Interrupt
[35.450s] gmake[1]: *** [CMakeFiles/Makefile2:166: CMakeFiles/zed_camera_component.dir/all] Interrupt
[35.450s] gmake[2]: *** [CMakeFiles/zed_camera_one_component.dir/build.make:76: CMakeFiles/zed_camera_one_component.dir/src/tools/src/sl_tools.cpp.o] Interrupt
[35.451s] gmake[1]: *** [CMakeFiles/Makefile2:192: CMakeFiles/zed_camera_one_component.dir/all] Interrupt
[35.451s] gmake: *** [Makefile:146: all] Interrupt
