[0.031s] Invoking command in '/home/rover/workspaces/rover/src/build/drive_firmware': CMAKE_PREFIX_PATH=${CMAKE_PREFIX_PATH}:/opt/ros/humble /usr/bin/cmake /home/rover/workspaces/rover/src/drive_firmware -DCMAKE_INSTALL_PREFIX=/home/rover/workspaces/rover/src/install/drive_firmware
[0.183s] -- The C compiler identification is GNU 11.4.0
[0.334s] -- The CXX compiler identification is GNU 11.4.0
[0.368s] -- Detecting C compiler ABI info
[0.561s] -- Detecting C compiler ABI info - done
[0.590s] -- Check for working C compiler: /usr/bin/cc - skipped
[0.591s] -- Detecting C compile features
[0.593s] -- Detecting C compile features - done
[0.607s] -- Detecting CXX compiler ABI info
[0.820s] -- Detecting CXX compiler ABI info - done
[0.847s] -- Check for working CXX compiler: /usr/bin/c++ - skipped
[0.848s] -- Detecting CXX compile features
[0.849s] -- Detecting CXX compile features - done
[0.862s] -- Found ament_cmake: 1.3.12 (/opt/ros/humble/share/ament_cmake/cmake)
[1.256s] -- Found Python3: /usr/bin/python3 (found version "3.10.12") found components: Interpreter 
[1.790s] -- Configuring done
[1.877s] -- Generating done
[1.887s] -- Build files have been written to: /home/rover/workspaces/rover/src/build/drive_firmware
[1.902s] Invoked command in '/home/rover/workspaces/rover/src/build/drive_firmware' returned '0': CMAKE_PREFIX_PATH=${CMAKE_PREFIX_PATH}:/opt/ros/humble /usr/bin/cmake /home/rover/workspaces/rover/src/drive_firmware -DCMAKE_INSTALL_PREFIX=/home/rover/workspaces/rover/src/install/drive_firmware
[1.908s] Invoking command in '/home/rover/workspaces/rover/src/build/drive_firmware': CMAKE_PREFIX_PATH=${CMAKE_PREFIX_PATH}:/opt/ros/humble /usr/bin/cmake --build /home/rover/workspaces/rover/src/build/drive_firmware -- -j6 -l6
[2.101s] [  2%] [32mBuilding CXX object CMakeFiles/drive_firmware.elf.dir/home/rover/.arduino15/packages/teensy/hardware/avr/1.57.3/cores/teensy4/CrashReport.cpp.o[0m
[2.101s] [  2%] [32mBuilding CXX object CMakeFiles/drive_firmware.elf.dir/src/Main.cpp.o[0m
[2.102s] [  2%] [32mBuilding CXX object CMakeFiles/drive_firmware.elf.dir/src/MicroROS.cpp.o[0m
[2.102s] [  2%] [32mBuilding CXX object CMakeFiles/drive_firmware.elf.dir/home/rover/.arduino15/packages/teensy/hardware/avr/1.57.3/cores/teensy4/DMAChannel.cpp.o[0m
[2.102s] [  2%] [32mBuilding CXX object CMakeFiles/drive_firmware.elf.dir/home/rover/.arduino15/packages/teensy/hardware/avr/1.57.3/cores/teensy4/AudioStream.cpp.o[0m
[2.113s] [  2%] [32mBuilding CXX object CMakeFiles/drive_firmware.elf.dir/home/rover/.arduino15/packages/teensy/hardware/avr/1.57.3/cores/teensy4/EventResponder.cpp.o[0m
[2.663s] [  2%] [32mBuilding CXX object CMakeFiles/drive_firmware.elf.dir/home/rover/.arduino15/packages/teensy/hardware/avr/1.57.3/cores/teensy4/HardwareSerial.cpp.o[0m
[2.709s] [01m[K/home/rover/workspaces/rover/src/drive_firmware/src/Main.cpp:4:22:[m[K [01;31m[Kfatal error: [m[KVescUart.h: No such file or directory
[2.709s] compilation terminated.
[2.717s] gmake[2]: *** [CMakeFiles/drive_firmware.elf.dir/build.make:76: CMakeFiles/drive_firmware.elf.dir/src/Main.cpp.o] Error 1
[2.718s] gmake[2]: *** Waiting for unfinished jobs....
[3.265s] gmake[1]: *** [CMakeFiles/Makefile2:137: CMakeFiles/drive_firmware.elf.dir/all] Error 2
[3.265s] gmake: *** [Makefile:146: all] Error 2
[3.273s] Invoked command in '/home/rover/workspaces/rover/src/build/drive_firmware' returned '2': CMAKE_PREFIX_PATH=${CMAKE_PREFIX_PATH}:/opt/ros/humble /usr/bin/cmake --build /home/rover/workspaces/rover/src/build/drive_firmware -- -j6 -l6
